root@iZuf63lm5yg7xftq15a5qmZ:~# bash yabs.sh -i -n
# ## ## ## ## ## ## ## ## ## ## ## ## ## ## ## ## ## #
#              Yet-Another-Bench-Script              #
#                     v2023-11-30                    #
# https://github.com/masonr/yet-another-bench-script #
# ## ## ## ## ## ## ## ## ## ## ## ## ## ## ## ## ## #

Tue Dec 12 05:50:31 PM CST 2023

Basic System Information:
---------------------------------
Uptime     : 0 days, 0 hours, 1 minutes
Processor  : Intel(R) Xeon(R) Platinum 8369B CPU @ 2.70GHz
CPU cores  : 2 @ 3499.981 MHz
AES-NI     : ✔ Enabled
VM-x/AMD-V : ❌ Disabled
RAM        : 3.5 GiB
Swap       : 0.0 KiB
Disk       : 39.2 GiB
Distro     : Debian GNU/Linux 12 (bookworm)
Kernel     : 6.1.0-13-amd64
VM Type    : KVM
IPv4/IPv6  : ✔ Online / ❌ Offline

fio Disk Speed Tests (Mixed R/W 50/50) (Partition /dev/vda3):
---------------------------------
Block Size | 4k            (IOPS) | 64k           (IOPS)
  ------   | ---            ----  | ----           ----
Read       | 4.71 MB/s     (1.1k) | 58.02 MB/s     (906)
Write      | 4.73 MB/s     (1.1k) | 58.61 MB/s     (915)
Total      | 9.44 MB/s     (2.3k) | 116.63 MB/s   (1.8k)
           |                      |
Block Size | 512k          (IOPS) | 1m            (IOPS)
  ------   | ---            ----  | ----           ----
Read       | 55.33 MB/s     (108) | 54.14 MB/s      (52)
Write      | 58.25 MB/s     (113) | 58.57 MB/s      (57)
Total      | 113.58 MB/s    (221) | 112.71 MB/s    (109)

Running GB6 benchmark test... *cue elevator music*



Geekbench 6 Benchmark Test:
---------------------------------
Test            | Value
                |
Single Core     | 1646
Multi Core      | 1918
Full Test       | https://browser.geekbench.com/v6/cpu/3954456

YABS completed in 26 min 18 sec